1679917141930	geckodriver	INFO	Listening on 127.0.0.1:62821
1679917145027	mozrunner::runner	INFO	Running command: "C:\\Program Files\\Mozilla Firefox\\firefox.exe" "--marionette" "--remote-debugging-port" "62822" "--remote-allow-hosts" "localhost" "-no-remote" "-profile" "C:\\Users\\KAMAL~1.KUM\\AppData\\Local\\Temp\\rust_mozprofileOkpynU"
console.warn: services.settings: Ignoring preference override of remote settings server
console.warn: services.settings: Allow by setting MOZ_REMOTE_SETTINGS_DEVTOOLS=1 in the environment
1679917145283	Marionette	INFO	Marionette enabled
Dynamically enable window occlusion 0
1679917145289	Marionette	INFO	Listening on port 62830
Read port: 62830
WebDriver BiDi listening on ws://127.0.0.1:62822
1679917145425	RemoteAgent	WARN	TLS certificate errors will be ignored for this session
console.warn: SearchSettings: "get: No settings file exists, new profile?" (new NotFoundError("Could not open the file at C:\\Users\\KAMAL~1.KUM\\AppData\\Local\\Temp\\rust_mozprofileOkpynU\\search.json.mozlz4", (void 0)))
DevTools listening on ws://127.0.0.1:62822/devtools/browser/968e66f8-2d15-4748-8df7-75ac68b166ac
1679917148696	Marionette	WARN	Ignoring event 'DOMContentLoaded' because document has an invalid readyState of 'complete'.
JavaScript error: https://cdn.cookielaw.org/scripttemplates/otSDKStub.js, line 1: SyntaxError: JSON.parse: unexpected character at line 1 column 1 of the JSON data
JavaScript error: , line 0: NS_ERROR_NOT_AVAILABLE
1679921576413	Marionette	INFO	Stopped listening on port 62830
Dynamically enable window occlusion 1
efox.exe" "--marionette" "--remote-debugging-port" "62971" "--remote-allow-hosts" "localhost" "-no-remote" "-profile" "C:\\Users\\KAMAL~1.KUM\\AppData\\Local\\Temp\\rust_mozprofilezKVlf2"
console.warn: services.settings: Ignoring preference override of remote settings server
console.warn: services.settings: Allow by setting MOZ_REMOTE_SETTINGS_DEVTOOLS=1 in the environment
1679917274090	Marionette	INFO	Marionette enabled
Dynamically enable window occlusion 0
1679917274093	Marionette	INFO	Listening on port 62978
WebDriver BiDi listening on ws://127.0.0.1:62971
Read port: 62978
1679917274290	RemoteAgent	WARN	TLS certificate errors will be ignored for this session
console.warn: SearchSettings: "get: No settings file exists, new profile?" (new NotFoundError("Could not open the file at C:\\Users\\KAMAL~1.KUM\\AppData\\Local\\Temp\\rust_mozprofilezKVlf2\\search.json.mozlz4", (void 0)))
DevTools listening on ws://127.0.0.1:62971/devtools/browser/37f703f0-c166-49b0-b17a-77aa9b8643a9
1679917277562	Marionette	WARN	Ignoring event 'DOMContentLoaded' because document has an invalid readyState of 'complete'.
JavaScript error: https://cdn.cookielaw.org/scripttemplates/otSDKStub.js, line 1: SyntaxError: JSON.parse: unexpected character at line 1 column 1 of the JSON data
console.warn: LoginRecipes: "Falling back to a synchronous message for: https://learn.datascience.berkeley.edu."
console.warn: LoginRecipes: "Falling back to a synchronous message for: https://learn.datascience.berkeley.edu."
1679917283746	Marionette	WARN	TimedPromise timed out after 500 ms: stacktrace:
TimedPromise/<@chrome://remote/content/marionette/sync.sys.mjs:219:24
TimedPromise@chrome://remote/content/marionette/sync.sys.mjs:204:10
interaction.flushEventLoop@chrome://remote/content/marionette/interaction.sys.mjs:425:10
webdriverClickElement@chrome://remote/content/marionette/interaction.sys.mjs:173:31
console.warn: LoginRecipes: "Falling back to a synchronous message for: https://learn.datascience.berkeley.edu."
1679917411841	Marionette	INFO	Stopped listening on port 62978
Dynamically enable window occlusion 1
[Parent 15532, IPC I/O Parent] WARNING: DuplicateHandle failed for handle 0 in TransferHandles: file /builds/worker/checkouts/gecko/ipc/chromium/src/chrome/common/ipc_channel_win.cc:777
1679917471025	geckodriver	INFO	Listening on 127.0.0.1:63125
1679917474088	mozrunner::runner	INFO	Running command: "C:\\Program Files\\Mozilla Firefox\\firefox.exe" "--marionette" "--remote-debugging-port" "63126" "--remote-allow-hosts" "localhost" "-no-remote" "-profile" "C:\\Users\\KAMAL~1.KUM\\AppData\\Local\\Temp\\rust_mozprofile6W5jdP"
console.warn: services.settings: Ignoring preference override of remote settings server
console.warn: services.settings: Allow by setting MOZ_REMOTE_SETTINGS_DEVTOOLS=1 in the environment
1679917474355	Marionette	INFO	Marionette enabled
Dynamically enable window occlusion 0
1679917474359	Marionette	INFO	Listening on port 63133
Read port: 63133
WebDriver BiDi listening on ws://127.0.0.1:63126
1679917474474	RemoteAgent	WARN	TLS certificate errors will be ignored for this session
console.warn: SearchSettings: "get: No settings file exists, new profile?" (new NotFoundError("Could not open the file at C:\\Users\\KAMAL~1.KUM\\AppData\\Local\\Temp\\rust_mozprofile6W5jdP\\search.json.mozlz4", (void 0)))
DevTools listening on ws://127.0.0.1:63126/devtools/browser/785002d4-bf04-4343-955c-bdbbb04f13c7
1679917477431	Marionette	WARN	Ignoring event 'DOMContentLoaded' because document has an invalid readyState of 'complete'.
JavaScript error: https://cdn.cookielaw.org/scripttemplates/otSDKStub.js, line 1: SyntaxError: JSON.parse: unexpected character at line 1 column 1 of the JSON data
console.warn: LoginRecipes: "Falling back to a synchronous message for: https://learn.datascience.berkeley.edu."
1679917484182	Marionette	WARN	TimedPromise timed out after 500 ms: stacktrace:
TimedPromise/<@chrome://remote/content/marionette/sync.sys.mjs:219:24
TimedPromise@chrome://remote/content/marionette/sync.sys.mjs:204:10
interaction.flushEventLoop@chrome://remote/content/marionette/interaction.sys.mjs:425:10
webdriverClickElement@chrome://remote/content/marionette/interaction.sys.mjs:173:31
console.warn: LoginRecipes: "Falling back to a synchronous message for: https://learn.datascience.berkeley.edu."
1679917485140	Marionette	WARN	TimedPromise timed out after 500 ms: stacktrace:
TimedPromise/<@chrome://remote/content/marionette/sync.sys.mjs:219:24
TimedPromise@chrome://remote/content/marionette/sync.sys.mjs:204:10
interaction.flushEventLoop@chrome://remote/content/marionette/interaction.sys.mjs:425:10
webdriverClickElement@chrome://remote/content/marionette/interaction.sys.mjs:173:31
console.warn: LoginRecipes: "Falling back to a synchronous message for: https://learn.datascience.berkeley.edu."
JavaScript error: https://js.intercomcdn.com/frame.c20a5346.js, line 1: TypeError: r.body is null
1679917532004	Marionette	INFO	Stopped listening on port 63133
Dynamically enable window occlusion 1
